<?xml version="1.0" encoding="UTF-8"?>
<testng-results skipped="0" failed="0" total="1" passed="1">
  <reporter-output>
  </reporter-output>
  <suite name="Default suite" duration-ms="719" started-at="2016-10-04T18:30:16Z" finished-at="2016-10-04T18:30:17Z">
    <groups>
    </groups>
    <test name="Default test" duration-ms="719" started-at="2016-10-04T18:30:16Z" finished-at="2016-10-04T18:30:17Z">
      <class name="mq.demo.restassured.ClientJSON">
        <test-method status="PASS" signature="testCategoryItem()[pri:0, instance:mq.demo.restassured.ClientJSON@9629756]" name="testCategoryItem" duration-ms="699" started-at="2016-10-04T14:30:16Z" finished-at="2016-10-04T14:30:17Z">
          <reporter-output>
          </reporter-output>
        </test-method> <!-- testCategoryItem -->
      </class> <!-- mq.demo.restassured.ClientJSON -->
    </test> <!-- Default test -->
  </suite> <!-- Default suite -->
</testng-results>
